This is pdfTeX, Version 3.14159265-2.6-1.40.20 (TeX Live 2019) (preloaded format=pdflatex 2019.5.8)  14 OCT 2022 05:04
entering extended mode
 restricted \write18 enabled.
 file:line:error style messages enabled.
 %&-line parsing enabled.
**QFT_notes.tex
(./QFT_notes.tex
LaTeX2e <2018-12-01>
(/usr/local/texlive/2019/texmf-dist/tex/latex/amscls/amsart.cls
Document Class: amsart 2017/10/31 v2.20.4
\linespacing=\dimen102
\normalparindent=\dimen103
\normaltopskip=\skip41
(/usr/local/texlive/2019/texmf-dist/tex/latex/amsmath/amsmath.sty
Package: amsmath 2018/12/01 v2.17b AMS math features
\@mathmargin=\skip42

For additional information on amsmath, use the `?' option.
(/usr/local/texlive/2019/texmf-dist/tex/latex/amsmath/amstext.sty
Package: amstext 2000/06/29 v2.01 AMS text

(/usr/local/texlive/2019/texmf-dist/tex/latex/amsmath/amsgen.sty
File: amsgen.sty 1999/11/30 v2.0 generic functions
\@emptytoks=\toks14
\ex@=\dimen104
))
(/usr/local/texlive/2019/texmf-dist/tex/latex/amsmath/amsbsy.sty
Package: amsbsy 1999/11/29 v1.2d Bold Symbols
\pmbraise@=\dimen105
)
(/usr/local/texlive/2019/texmf-dist/tex/latex/amsmath/amsopn.sty
Package: amsopn 2016/03/08 v2.02 operator names
)
\inf@bad=\count80
LaTeX Info: Redefining \frac on input line 223.
\uproot@=\count81
\leftroot@=\count82
LaTeX Info: Redefining \overline on input line 385.
\classnum@=\count83
\DOTSCASE@=\count84
LaTeX Info: Redefining \ldots on input line 482.
LaTeX Info: Redefining \dots on input line 485.
LaTeX Info: Redefining \cdots on input line 606.
\Mathstrutbox@=\box27
\strutbox@=\box28
\big@size=\dimen106
LaTeX Font Info:    Redeclaring font encoding OML on input line 729.
LaTeX Font Info:    Redeclaring font encoding OMS on input line 730.
\macc@depth=\count85
\c@MaxMatrixCols=\count86
\dotsspace@=\muskip10
\c@parentequation=\count87
\dspbrk@lvl=\count88
\tag@help=\toks15
\row@=\count89
\column@=\count90
\maxfields@=\count91
\andhelp@=\toks16
\eqnshift@=\dimen107
\alignsep@=\dimen108
\tagshift@=\dimen109
\tagwidth@=\dimen110
\totwidth@=\dimen111
\lineht@=\dimen112
\@envbody=\toks17
\multlinegap=\skip43
\multlinetaggap=\skip44
\mathdisplay@stack=\toks18
LaTeX Info: Redefining \[ on input line 2844.
LaTeX Info: Redefining \] on input line 2845.
)
LaTeX Font Info:    Try loading font information for U+msa on input line 398.

(/usr/local/texlive/2019/texmf-dist/tex/latex/amsfonts/umsa.fd
File: umsa.fd 2013/01/14 v3.01 AMS symbols A
)
(/usr/local/texlive/2019/texmf-dist/tex/latex/amsfonts/amsfonts.sty
Package: amsfonts 2013/01/14 v3.01 Basic AMSFonts support
\symAMSa=\mathgroup4
\symAMSb=\mathgroup5
LaTeX Font Info:    Overwriting math alphabet `\mathfrak' in version `bold'
(Font)                  U/euf/m/n --> U/euf/b/n on input line 106.
)
\copyins=\insert199
\abstractbox=\box29
\listisep=\skip45
\c@part=\count92
\c@section=\count93
\c@subsection=\count94
\c@subsubsection=\count95
\c@paragraph=\count96
\c@subparagraph=\count97
\c@figure=\count98
\c@table=\count99
\abovecaptionskip=\skip46
\belowcaptionskip=\skip47
\captionindent=\dimen113
\thm@style=\toks19
\thm@bodyfont=\toks20
\thm@headfont=\toks21
\thm@notefont=\toks22
\thm@headpunct=\toks23
\thm@preskip=\skip48
\thm@postskip=\skip49
\thm@headsep=\skip50
\dth@everypar=\toks24
)
(/usr/local/texlive/2019/texmf-dist/tex/latex/tools/enumerate.sty
Package: enumerate 2015/07/23 v3.00 enumerate extensions (DPC)
\@enLab=\toks25
)
(/usr/local/texlive/2019/texmf-dist/tex/latex/amsfonts/amssymb.sty
Package: amssymb 2013/01/14 v3.01 AMS font symbols
)
(/usr/local/texlive/2019/texmf-dist/tex/latex/mathtools/mathtools.sty
Package: mathtools 2018/01/08 v1.21 mathematical typesetting tools

(/usr/local/texlive/2019/texmf-dist/tex/latex/graphics/keyval.sty
Package: keyval 2014/10/28 v1.15 key=value parser (DPC)
\KV@toks@=\toks26
)
(/usr/local/texlive/2019/texmf-dist/tex/latex/tools/calc.sty
Package: calc 2017/05/25 v4.3 Infix arithmetic (KKT,FJ)
\calc@Acount=\count100
\calc@Bcount=\count101
\calc@Adimen=\dimen114
\calc@Bdimen=\dimen115
\calc@Askip=\skip51
\calc@Bskip=\skip52
LaTeX Info: Redefining \setlength on input line 80.
LaTeX Info: Redefining \addtolength on input line 81.
\calc@Ccount=\count102
\calc@Cskip=\skip53
)
(/usr/local/texlive/2019/texmf-dist/tex/latex/mathtools/mhsetup.sty
Package: mhsetup 2017/03/31 v1.3 programming setup (MH)
)
LaTeX Info: Thecontrolsequence`\('isalreadyrobust on input line 129.
LaTeX Info: Thecontrolsequence`\)'isalreadyrobust on input line 129.
LaTeX Info: Thecontrolsequence`\['isalreadyrobust on input line 129.
LaTeX Info: Thecontrolsequence`\]'isalreadyrobust on input line 129.
\g_MT_multlinerow_int=\count103
\l_MT_multwidth_dim=\dimen116
\origjot=\skip54
\l_MT_shortvdotswithinadjustabove_dim=\dimen117
\l_MT_shortvdotswithinadjustbelow_dim=\dimen118
\l_MT_above_intertext_sep=\dimen119
\l_MT_below_intertext_sep=\dimen120
\l_MT_above_shortintertext_sep=\dimen121
\l_MT_below_shortintertext_sep=\dimen122
)
(/usr/local/texlive/2019/texmf-dist/tex/latex/comment/comment.sty
\CommentStream=\write3

Excluding comment 'comment')
(/usr/local/texlive/2019/texmf-dist/tex/latex/simpler-wick/simpler-wick.sty
Package: simpler-wick 2015/12/11 Simpler Wick contractions

(/usr/local/texlive/2019/texmf-dist/tex/latex/pgf/frontendlayer/tikz.sty
(/usr/local/texlive/2019/texmf-dist/tex/latex/pgf/basiclayer/pgf.sty
(/usr/local/texlive/2019/texmf-dist/tex/latex/pgf/utilities/pgfrcs.sty
(/usr/local/texlive/2019/texmf-dist/tex/generic/pgf/utilities/pgfutil-common.te
x
\pgfutil@everybye=\toks27
\pgfutil@tempdima=\dimen123
\pgfutil@tempdimb=\dimen124

(/usr/local/texlive/2019/texmf-dist/tex/generic/pgf/utilities/pgfutil-common-li
sts.tex))
(/usr/local/texlive/2019/texmf-dist/tex/generic/pgf/utilities/pgfutil-latex.def
\pgfutil@abb=\box30
(/usr/local/texlive/2019/texmf-dist/tex/latex/ms/everyshi.sty
Package: everyshi 2001/05/15 v3.00 EveryShipout Package (MS)
))
(/usr/local/texlive/2019/texmf-dist/tex/generic/pgf/utilities/pgfrcs.code.tex
(/usr/local/texlive/2019/texmf-dist/tex/generic/pgf/pgf.revision.tex)
Package: pgfrcs 2019/04/04 v3.1.2 (3.1.2)
))
Package: pgf 2019/04/04 v3.1.2 (3.1.2)

(/usr/local/texlive/2019/texmf-dist/tex/latex/pgf/basiclayer/pgfcore.sty
(/usr/local/texlive/2019/texmf-dist/tex/latex/graphics/graphicx.sty
Package: graphicx 2017/06/01 v1.1a Enhanced LaTeX Graphics (DPC,SPQR)

(/usr/local/texlive/2019/texmf-dist/tex/latex/graphics/graphics.sty
Package: graphics 2017/06/25 v1.2c Standard LaTeX Graphics (DPC,SPQR)

(/usr/local/texlive/2019/texmf-dist/tex/latex/graphics/trig.sty
Package: trig 2016/01/03 v1.10 sin cos tan (DPC)
)
(/usr/local/texlive/2019/texmf-dist/tex/latex/graphics-cfg/graphics.cfg
File: graphics.cfg 2016/06/04 v1.11 sample graphics configuration
)
Package graphics Info: Driver file: pdftex.def on input line 99.

(/usr/local/texlive/2019/texmf-dist/tex/latex/graphics-def/pdftex.def
File: pdftex.def 2018/01/08 v1.0l Graphics/color driver for pdftex
))
\Gin@req@height=\dimen125
\Gin@req@width=\dimen126
)
(/usr/local/texlive/2019/texmf-dist/tex/latex/pgf/systemlayer/pgfsys.sty
(/usr/local/texlive/2019/texmf-dist/tex/generic/pgf/systemlayer/pgfsys.code.tex
Package: pgfsys 2019/04/04 v3.1.2 (3.1.2)
(/usr/local/texlive/2019/texmf-dist/tex/generic/pgf/utilities/pgfkeys.code.tex
\pgfkeys@pathtoks=\toks28
\pgfkeys@temptoks=\toks29

(/usr/local/texlive/2019/texmf-dist/tex/generic/pgf/utilities/pgfkeysfiltered.c
ode.tex
\pgfkeys@tmptoks=\toks30
))
\pgf@x=\dimen127
\pgf@y=\dimen128
\pgf@xa=\dimen129
\pgf@ya=\dimen130
\pgf@xb=\dimen131
\pgf@yb=\dimen132
\pgf@xc=\dimen133
\pgf@yc=\dimen134
\w@pgf@writea=\write4
\r@pgf@reada=\read1
\c@pgf@counta=\count104
\c@pgf@countb=\count105
\c@pgf@countc=\count106
\c@pgf@countd=\count107
\t@pgf@toka=\toks31
\t@pgf@tokb=\toks32
\t@pgf@tokc=\toks33
\pgf@sys@id@count=\count108

(/usr/local/texlive/2019/texmf-dist/tex/generic/pgf/systemlayer/pgf.cfg
File: pgf.cfg 2019/04/04 v3.1.2 (3.1.2)
)
Driver file for pgf: pgfsys-pdftex.def

(/usr/local/texlive/2019/texmf-dist/tex/generic/pgf/systemlayer/pgfsys-pdftex.d
ef
File: pgfsys-pdftex.def 2019/04/04 v3.1.2 (3.1.2)

(/usr/local/texlive/2019/texmf-dist/tex/generic/pgf/systemlayer/pgfsys-common-p
df.def
File: pgfsys-common-pdf.def 2019/04/04 v3.1.2 (3.1.2)
)))
(/usr/local/texlive/2019/texmf-dist/tex/generic/pgf/systemlayer/pgfsyssoftpath.
code.tex
File: pgfsyssoftpath.code.tex 2019/04/04 v3.1.2 (3.1.2)
\pgfsyssoftpath@smallbuffer@items=\count109
\pgfsyssoftpath@bigbuffer@items=\count110
)
(/usr/local/texlive/2019/texmf-dist/tex/generic/pgf/systemlayer/pgfsysprotocol.
code.tex
File: pgfsysprotocol.code.tex 2019/04/04 v3.1.2 (3.1.2)
)) (/usr/local/texlive/2019/texmf-dist/tex/latex/xcolor/xcolor.sty
Package: xcolor 2016/05/11 v2.12 LaTeX color extensions (UK)

(/usr/local/texlive/2019/texmf-dist/tex/latex/graphics-cfg/color.cfg
File: color.cfg 2016/01/02 v1.6 sample color configuration
)
Package xcolor Info: Driver file: pdftex.def on input line 225.
Package xcolor Info: Model `cmy' substituted by `cmy0' on input line 1348.
Package xcolor Info: Model `hsb' substituted by `rgb' on input line 1352.
Package xcolor Info: Model `RGB' extended on input line 1364.
Package xcolor Info: Model `HTML' substituted by `rgb' on input line 1366.
Package xcolor Info: Model `Hsb' substituted by `hsb' on input line 1367.
Package xcolor Info: Model `tHsb' substituted by `hsb' on input line 1368.
Package xcolor Info: Model `HSB' substituted by `hsb' on input line 1369.
Package xcolor Info: Model `Gray' substituted by `gray' on input line 1370.
Package xcolor Info: Model `wave' substituted by `hsb' on input line 1371.
)
(/usr/local/texlive/2019/texmf-dist/tex/generic/pgf/basiclayer/pgfcore.code.tex
Package: pgfcore 2019/04/04 v3.1.2 (3.1.2)
(/usr/local/texlive/2019/texmf-dist/tex/generic/pgf/math/pgfmath.code.tex
(/usr/local/texlive/2019/texmf-dist/tex/generic/pgf/math/pgfmathcalc.code.tex
(/usr/local/texlive/2019/texmf-dist/tex/generic/pgf/math/pgfmathutil.code.tex)
(/usr/local/texlive/2019/texmf-dist/tex/generic/pgf/math/pgfmathparser.code.tex
\pgfmath@dimen=\dimen135
\pgfmath@count=\count111
\pgfmath@box=\box31
\pgfmath@toks=\toks34
\pgfmath@stack@operand=\toks35
\pgfmath@stack@operation=\toks36
)
(/usr/local/texlive/2019/texmf-dist/tex/generic/pgf/math/pgfmathfunctions.code.
tex
(/usr/local/texlive/2019/texmf-dist/tex/generic/pgf/math/pgfmathfunctions.basic
.code.tex)
(/usr/local/texlive/2019/texmf-dist/tex/generic/pgf/math/pgfmathfunctions.trigo
nometric.code.tex)
(/usr/local/texlive/2019/texmf-dist/tex/generic/pgf/math/pgfmathfunctions.rando
m.code.tex)
(/usr/local/texlive/2019/texmf-dist/tex/generic/pgf/math/pgfmathfunctions.compa
rison.code.tex)
(/usr/local/texlive/2019/texmf-dist/tex/generic/pgf/math/pgfmathfunctions.base.
code.tex)
(/usr/local/texlive/2019/texmf-dist/tex/generic/pgf/math/pgfmathfunctions.round
.code.tex)
(/usr/local/texlive/2019/texmf-dist/tex/generic/pgf/math/pgfmathfunctions.misc.
code.tex)
(/usr/local/texlive/2019/texmf-dist/tex/generic/pgf/math/pgfmathfunctions.integ
erarithmetics.code.tex)))
(/usr/local/texlive/2019/texmf-dist/tex/generic/pgf/math/pgfmathfloat.code.tex
\c@pgfmathroundto@lastzeros=\count112
))
(/usr/local/texlive/2019/texmf-dist/tex/generic/pgf/basiclayer/pgfcorepoints.co
de.tex
File: pgfcorepoints.code.tex 2019/04/04 v3.1.2 (3.1.2)
\pgf@picminx=\dimen136
\pgf@picmaxx=\dimen137
\pgf@picminy=\dimen138
\pgf@picmaxy=\dimen139
\pgf@pathminx=\dimen140
\pgf@pathmaxx=\dimen141
\pgf@pathminy=\dimen142
\pgf@pathmaxy=\dimen143
\pgf@xx=\dimen144
\pgf@xy=\dimen145
\pgf@yx=\dimen146
\pgf@yy=\dimen147
\pgf@zx=\dimen148
\pgf@zy=\dimen149
)
(/usr/local/texlive/2019/texmf-dist/tex/generic/pgf/basiclayer/pgfcorepathconst
ruct.code.tex
File: pgfcorepathconstruct.code.tex 2019/04/04 v3.1.2 (3.1.2)
\pgf@path@lastx=\dimen150
\pgf@path@lasty=\dimen151
)
(/usr/local/texlive/2019/texmf-dist/tex/generic/pgf/basiclayer/pgfcorepathusage
.code.tex
File: pgfcorepathusage.code.tex 2019/04/04 v3.1.2 (3.1.2)
\pgf@shorten@end@additional=\dimen152
\pgf@shorten@start@additional=\dimen153
)
(/usr/local/texlive/2019/texmf-dist/tex/generic/pgf/basiclayer/pgfcorescopes.co
de.tex
File: pgfcorescopes.code.tex 2019/04/04 v3.1.2 (3.1.2)
\pgfpic=\box32
\pgf@hbox=\box33
\pgf@layerbox@main=\box34
\pgf@picture@serial@count=\count113
)
(/usr/local/texlive/2019/texmf-dist/tex/generic/pgf/basiclayer/pgfcoregraphicst
ate.code.tex
File: pgfcoregraphicstate.code.tex 2019/04/04 v3.1.2 (3.1.2)
\pgflinewidth=\dimen154
)
(/usr/local/texlive/2019/texmf-dist/tex/generic/pgf/basiclayer/pgfcoretransform
ations.code.tex
File: pgfcoretransformations.code.tex 2019/04/04 v3.1.2 (3.1.2)
\pgf@pt@x=\dimen155
\pgf@pt@y=\dimen156
\pgf@pt@temp=\dimen157
)
(/usr/local/texlive/2019/texmf-dist/tex/generic/pgf/basiclayer/pgfcorequick.cod
e.tex
File: pgfcorequick.code.tex 2019/04/04 v3.1.2 (3.1.2)
)
(/usr/local/texlive/2019/texmf-dist/tex/generic/pgf/basiclayer/pgfcoreobjects.c
ode.tex
File: pgfcoreobjects.code.tex 2019/04/04 v3.1.2 (3.1.2)
)
(/usr/local/texlive/2019/texmf-dist/tex/generic/pgf/basiclayer/pgfcorepathproce
ssing.code.tex
File: pgfcorepathprocessing.code.tex 2019/04/04 v3.1.2 (3.1.2)
)
(/usr/local/texlive/2019/texmf-dist/tex/generic/pgf/basiclayer/pgfcorearrows.co
de.tex
File: pgfcorearrows.code.tex 2019/04/04 v3.1.2 (3.1.2)
\pgfarrowsep=\dimen158
)
(/usr/local/texlive/2019/texmf-dist/tex/generic/pgf/basiclayer/pgfcoreshade.cod
e.tex
File: pgfcoreshade.code.tex 2019/04/04 v3.1.2 (3.1.2)
\pgf@max=\dimen159
\pgf@sys@shading@range@num=\count114
\pgf@shadingcount=\count115
)
(/usr/local/texlive/2019/texmf-dist/tex/generic/pgf/basiclayer/pgfcoreimage.cod
e.tex
File: pgfcoreimage.code.tex 2019/04/04 v3.1.2 (3.1.2)

(/usr/local/texlive/2019/texmf-dist/tex/generic/pgf/basiclayer/pgfcoreexternal.
code.tex
File: pgfcoreexternal.code.tex 2019/04/04 v3.1.2 (3.1.2)
\pgfexternal@startupbox=\box35
))
(/usr/local/texlive/2019/texmf-dist/tex/generic/pgf/basiclayer/pgfcorelayers.co
de.tex
File: pgfcorelayers.code.tex 2019/04/04 v3.1.2 (3.1.2)
)
(/usr/local/texlive/2019/texmf-dist/tex/generic/pgf/basiclayer/pgfcoretranspare
ncy.code.tex
File: pgfcoretransparency.code.tex 2019/04/04 v3.1.2 (3.1.2)
)
(/usr/local/texlive/2019/texmf-dist/tex/generic/pgf/basiclayer/pgfcorepatterns.
code.tex
File: pgfcorepatterns.code.tex 2019/04/04 v3.1.2 (3.1.2)
)
(/usr/local/texlive/2019/texmf-dist/tex/generic/pgf/basiclayer/pgfcorerdf.code.
tex
File: pgfcorerdf.code.tex 2019/04/04 v3.1.2 (3.1.2)
)))
(/usr/local/texlive/2019/texmf-dist/tex/generic/pgf/modules/pgfmoduleshapes.cod
e.tex
File: pgfmoduleshapes.code.tex 2019/04/04 v3.1.2 (3.1.2)
\pgfnodeparttextbox=\box36
)
(/usr/local/texlive/2019/texmf-dist/tex/generic/pgf/modules/pgfmoduleplot.code.
tex
File: pgfmoduleplot.code.tex 2019/04/04 v3.1.2 (3.1.2)
)
(/usr/local/texlive/2019/texmf-dist/tex/latex/pgf/compatibility/pgfcomp-version
-0-65.sty
Package: pgfcomp-version-0-65 2019/04/04 v3.1.2 (3.1.2)
\pgf@nodesepstart=\dimen160
\pgf@nodesepend=\dimen161
)
(/usr/local/texlive/2019/texmf-dist/tex/latex/pgf/compatibility/pgfcomp-version
-1-18.sty
Package: pgfcomp-version-1-18 2019/04/04 v3.1.2 (3.1.2)
))
(/usr/local/texlive/2019/texmf-dist/tex/latex/pgf/utilities/pgffor.sty
(/usr/local/texlive/2019/texmf-dist/tex/latex/pgf/utilities/pgfkeys.sty
(/usr/local/texlive/2019/texmf-dist/tex/generic/pgf/utilities/pgfkeys.code.tex)
) (/usr/local/texlive/2019/texmf-dist/tex/latex/pgf/math/pgfmath.sty
(/usr/local/texlive/2019/texmf-dist/tex/generic/pgf/math/pgfmath.code.tex))
(/usr/local/texlive/2019/texmf-dist/tex/generic/pgf/utilities/pgffor.code.tex
Package: pgffor 2019/04/04 v3.1.2 (3.1.2)

(/usr/local/texlive/2019/texmf-dist/tex/generic/pgf/math/pgfmath.code.tex)
\pgffor@iter=\dimen162
\pgffor@skip=\dimen163
\pgffor@stack=\toks37
\pgffor@toks=\toks38
))
(/usr/local/texlive/2019/texmf-dist/tex/generic/pgf/frontendlayer/tikz/tikz.cod
e.tex
Package: tikz 2019/04/04 v3.1.2 (3.1.2)

(/usr/local/texlive/2019/texmf-dist/tex/generic/pgf/libraries/pgflibraryplothan
dlers.code.tex
File: pgflibraryplothandlers.code.tex 2019/04/04 v3.1.2 (3.1.2)
\pgf@plot@mark@count=\count116
\pgfplotmarksize=\dimen164
)
\tikz@lastx=\dimen165
\tikz@lasty=\dimen166
\tikz@lastxsaved=\dimen167
\tikz@lastysaved=\dimen168
\tikzleveldistance=\dimen169
\tikzsiblingdistance=\dimen170
\tikz@figbox=\box37
\tikz@figbox@bg=\box38
\tikz@tempbox=\box39
\tikz@tempbox@bg=\box40
\tikztreelevel=\count117
\tikznumberofchildren=\count118
\tikznumberofcurrentchild=\count119
\tikz@fig@count=\count120

(/usr/local/texlive/2019/texmf-dist/tex/generic/pgf/modules/pgfmodulematrix.cod
e.tex
File: pgfmodulematrix.code.tex 2019/04/04 v3.1.2 (3.1.2)
\pgfmatrixcurrentrow=\count121
\pgfmatrixcurrentcolumn=\count122
\pgf@matrix@numberofcolumns=\count123
)
\tikz@expandcount=\count124

(/usr/local/texlive/2019/texmf-dist/tex/generic/pgf/frontendlayer/tikz/librarie
s/tikzlibrarytopaths.code.tex
File: tikzlibrarytopaths.code.tex 2019/04/04 v3.1.2 (3.1.2)
)))
(/usr/local/texlive/2019/texmf-dist/tex/latex/pgfopts/pgfopts.sty
Package: pgfopts 2014/07/10 v2.1a LaTeX package options with pgfkeys
\pgfopts@list@add@a@toks=\toks39
\pgfopts@list@add@b@toks=\toks40
)
(/usr/local/texlive/2019/texmf-dist/tex/generic/pgf/frontendlayer/tikz/librarie
s/tikzlibrarycalc.code.tex
File: tikzlibrarycalc.code.tex 2019/04/04 v3.1.2 (3.1.2)
)
(/usr/local/texlive/2019/texmf-dist/tex/latex/pgf/frontendlayer/libraries/tikzl
ibraryexternal.code.tex
(/usr/local/texlive/2019/texmf-dist/tex/generic/oberdiek/pdftexcmds.sty
Package: pdftexcmds 2018/09/10 v0.29 Utility functions of pdfTeX for LuaTeX (HO
)

(/usr/local/texlive/2019/texmf-dist/tex/generic/oberdiek/infwarerr.sty
Package: infwarerr 2016/05/16 v1.4 Providing info/warning/error messages (HO)
)
(/usr/local/texlive/2019/texmf-dist/tex/generic/oberdiek/ifluatex.sty
Package: ifluatex 2016/05/16 v1.4 Provides the ifluatex switch (HO)
Package ifluatex Info: LuaTeX not detected.
)
(/usr/local/texlive/2019/texmf-dist/tex/generic/oberdiek/ltxcmds.sty
Package: ltxcmds 2016/05/16 v1.23 LaTeX kernel commands for general use (HO)
)
(/usr/local/texlive/2019/texmf-dist/tex/generic/oberdiek/ifpdf.sty
Package: ifpdf 2018/09/07 v3.3 Provides the ifpdf switch
)
Package pdftexcmds Info: LuaTeX not detected.
Package pdftexcmds Info: \pdf@primitive is available.
Package pdftexcmds Info: \pdf@ifprimitive is available.
Package pdftexcmds Info: \pdfdraftmode found.
)
(/usr/local/texlive/2019/texmf-dist/tex/latex/oberdiek/atveryend.sty
Package: atveryend 2016/05/16 v1.9 Hooks at the very end of document (HO)
Package atveryend Info: \enddocument detected (standard20110627).
)
(/usr/local/texlive/2019/texmf-dist/tex/generic/pgf/frontendlayer/tikz/librarie
s/tikzexternalshared.code.tex)))
(/usr/local/texlive/2019/texmf-dist/tex/latex/arydshln/arydshln.sty
Package: arydshln 2019/02/21 v1.76 
\dashlinedash=\dimen171
\dashlinegap=\dimen172
\adl@box=\box41
\adl@height=\dimen173
\adl@heightsave=\dimen174
\adl@depth=\dimen175
\adl@depthsave=\dimen176
\adl@finaldepth=\dimen177
\adl@columns=\count125
\adl@ncol=\count126
\adl@currentcolumn=\count127
\adl@currentcolumnsave=\count128
\adl@totalheight=\count129
\adl@totalheightsave=\count130
\adl@dash=\count131
\adl@gap=\count132
\adl@cla=\count133
\adl@clb=\count134
\adl@everyvbox=\toks41
\adl@LTpagetotal=\dimen178
)
(/usr/local/texlive/2019/texmf-dist/tex/latex/dashrule/dashrule.sty
Package: dashrule 2013/03/28 v1.3 Dashed rules

(/usr/local/texlive/2019/texmf-dist/tex/latex/ifmtarg/ifmtarg.sty
Package: ifmtarg 2018/04/16 v1.2b check for an empty argument
)
\c@hdr@segments=\count135
)
(/usr/local/texlive/2019/texmf-dist/tex/latex/carlisle/slashed.sty
Package: slashed 1997/01/16 v0.01 Feynman Slashed Character Notation (DPC)
)
(/usr/local/texlive/2019/texmf-dist/tex/latex/jknapltx/mathrsfs.sty
Package: mathrsfs 1996/01/01 Math RSFS package v1.0 (jk)
\symrsfs=\mathgroup6
)
(/usr/local/texlive/2019/texmf-dist/tex/latex/fundus-calligra/calligra.sty
Package: calligra 2012/04/10 v1.9 LaTeX package calligra
)
(./QFT_notes.aux

LaTeX Warning: Label `fig:fig1' multiply defined.

)
\openout1 = `QFT_notes.aux'.

LaTeX Font Info:    Checking defaults for OML/cmm/m/it on input line 20.
LaTeX Font Info:    ... okay on input line 20.
LaTeX Font Info:    Checking defaults for T1/cmr/m/n on input line 20.
LaTeX Font Info:    ... okay on input line 20.
LaTeX Font Info:    Checking defaults for OT1/cmr/m/n on input line 20.
LaTeX Font Info:    ... okay on input line 20.
LaTeX Font Info:    Checking defaults for OMS/cmsy/m/n on input line 20.
LaTeX Font Info:    ... okay on input line 20.
LaTeX Font Info:    Checking defaults for OMX/cmex/m/n on input line 20.
LaTeX Font Info:    ... okay on input line 20.
LaTeX Font Info:    Checking defaults for U/cmr/m/n on input line 20.
LaTeX Font Info:    ... okay on input line 20.
LaTeX Font Info:    Try loading font information for U+msa on input line 20.
 (/usr/local/texlive/2019/texmf-dist/tex/latex/amsfonts/umsa.fd
File: umsa.fd 2013/01/14 v3.01 AMS symbols A
)
LaTeX Font Info:    Try loading font information for U+msb on input line 20.

(/usr/local/texlive/2019/texmf-dist/tex/latex/amsfonts/umsb.fd
File: umsb.fd 2013/01/14 v3.01 AMS symbols B
)
LaTeX Font Info:    Try loading font information for U+rsfs on input line 20.

(/usr/local/texlive/2019/texmf-dist/tex/latex/jknapltx/ursfs.fd
File: ursfs.fd 1998/03/24 rsfs font definition file (jk)
)
ABD: EveryShipout initializing macros
(/usr/local/texlive/2019/texmf-dist/tex/context/base/mkii/supp-pdf.mkii
[Loading MPS to PDF converter (version 2006.09.02).]
\scratchcounter=\count136
\scratchdimen=\dimen179
\scratchbox=\box42
\nofMPsegments=\count137
\nofMParguments=\count138
\everyMPshowfont=\toks42
\MPscratchCnt=\count139
\MPscratchDim=\dimen180
\MPnumerator=\count140
\makeMPintoPDFobject=\count141
\everyMPtoPDFconversion=\toks43
) (/usr/local/texlive/2019/texmf-dist/tex/latex/oberdiek/epstopdf-base.sty
Package: epstopdf-base 2016/05/15 v2.6 Base part for package epstopdf

(/usr/local/texlive/2019/texmf-dist/tex/latex/oberdiek/grfext.sty
Package: grfext 2016/05/16 v1.2 Manage graphics extensions (HO)

(/usr/local/texlive/2019/texmf-dist/tex/generic/oberdiek/kvdefinekeys.sty
Package: kvdefinekeys 2016/05/16 v1.4 Define keys (HO)
))
(/usr/local/texlive/2019/texmf-dist/tex/latex/oberdiek/kvoptions.sty
Package: kvoptions 2016/05/16 v3.12 Key value format for package options (HO)

(/usr/local/texlive/2019/texmf-dist/tex/generic/oberdiek/kvsetkeys.sty
Package: kvsetkeys 2016/05/16 v1.17 Key value parser (HO)

(/usr/local/texlive/2019/texmf-dist/tex/generic/oberdiek/etexcmds.sty
Package: etexcmds 2016/05/16 v1.6 Avoid name clashes with e-TeX commands (HO)
)))
Package epstopdf-base Info: Redefining graphics rule for `.eps' on input line 4
38.
Package grfext Info: Graphics extension search list:
(grfext)             [.pdf,.png,.jpg,.mps,.jpeg,.jbig2,.jb2,.PDF,.PNG,.JPG,.JPE
G,.JBIG2,.JB2,.eps]
(grfext)             \AppendGraphicsExtensions on input line 456.

(/usr/local/texlive/2019/texmf-dist/tex/latex/latexconfig/epstopdf-sys.cfg
File: epstopdf-sys.cfg 2010/07/13 v1.3 Configuration of (r)epstopdf for TeX Liv
e
))
Underfull \hbox (badness 10000) in paragraph at lines 32--43

 []


Overfull \hbox (12.0pt too wide) in paragraph at lines 45--46
[][] [] 
 []


Underfull \hbox (badness 10000) in paragraph at lines 48--57

 []


Overfull \hbox (12.0pt too wide) in paragraph at lines 59--60
[][] [] 
 []


Underfull \hbox (badness 10000) in paragraph at lines 62--63

 []


Overfull \hbox (12.0pt too wide) in paragraph at lines 65--66
[][] [] 
 []

[1{/usr/local/texlive/2019/texmf-var/fonts/map/pdftex/updmap/pdftex.map}]
Overfull \hbox (12.0pt too wide) in paragraph at lines 76--77
[][] [] 
 []


Underfull \hbox (badness 10000) in paragraph at lines 79--88

 []


Overfull \hbox (12.0pt too wide) in paragraph at lines 90--91
[][] [] 
 []


Underfull \hbox (badness 10000) in paragraph at lines 93--111

 []


Overfull \hbox (12.0pt too wide) in paragraph at lines 113--114
[][] [] 
 []


Underfull \hbox (badness 10000) in paragraph at lines 116--129

 []


Underfull \vbox (badness 10000) has occurred while \output is active []

 [2]
Overfull \hbox (12.0pt too wide) in paragraph at lines 131--132
[][] [] 
 []


Underfull \hbox (badness 10000) in paragraph at lines 134--143

 []


Overfull \hbox (12.0pt too wide) in paragraph at lines 145--146
[][] [] 
 []


Underfull \hbox (badness 10000) in paragraph at lines 148--149

 []


Underfull \vbox (badness 10000) has occurred while \output is active []

 [3]
Overfull \hbox (12.0pt too wide) in paragraph at lines 151--152
[][] [] 
 []


Underfull \hbox (badness 10000) in paragraph at lines 154--155

 []


Overfull \hbox (12.0pt too wide) in paragraph at lines 157--158
[][] [] 
 []


Underfull \hbox (badness 10000) in paragraph at lines 160--161

 []


Underfull \hbox (badness 10000) in paragraph at lines 162--172

 []


Overfull \hbox (12.0pt too wide) in paragraph at lines 174--175
[][] [] 
 []


Underfull \hbox (badness 10000) in paragraph at lines 177--181

 []


Overfull \hbox (12.0pt too wide) in paragraph at lines 183--184
[][] [] 
 []


Underfull \hbox (badness 10000) in paragraph at lines 186--189

 []


Overfull \hbox (12.0pt too wide) in paragraph at lines 191--192
[][] [] 
 []


Underfull \hbox (badness 10000) in paragraph at lines 194--195

 []


Underfull \vbox (badness 10000) has occurred while \output is active []

 [4]
Overfull \hbox (12.0pt too wide) in paragraph at lines 197--198
[][] [] 
 []


Underfull \hbox (badness 10000) in paragraph at lines 200--207

 []


Overfull \hbox (12.0pt too wide) in paragraph at lines 209--210
[][] [] 
 []


Overfull \hbox (12.0pt too wide) in paragraph at lines 219--220
[][] [] 
 []


Underfull \hbox (badness 10000) in paragraph at lines 222--225

 []


Underfull \hbox (badness 10000) in paragraph at lines 228--250

 []

[5]
Overfull \hbox (12.0pt too wide) in paragraph at lines 255--256
[][] [] 
 []


Underfull \hbox (badness 10000) in paragraph at lines 258--273

 []


Overfull \hbox (12.0pt too wide) in paragraph at lines 275--276
[][] [] 
 []


Underfull \vbox (badness 10000) has occurred while \output is active []

 [6]
Overfull \hbox (12.0pt too wide) in paragraph at lines 284--285
[][] [] 
 []


Overfull \hbox (12.0pt too wide) in paragraph at lines 298--299
[][] [] 
 []


Underfull \hbox (badness 10000) in paragraph at lines 301--309

 []


Overfull \hbox (12.0pt too wide) in paragraph at lines 311--312
[][] [] 
 []


Underfull \hbox (badness 10000) in paragraph at lines 314--317

 []


Overfull \hbox (12.0pt too wide) in paragraph at lines 319--320
[][] [] 
 []


Overfull \hbox (9.60696pt too wide) in paragraph at lines 322--335
\OT1/cmr/m/n/12 + [] + (\OMS/cmsy/m/n/12 ^^@[]\OT1/cmr/m/n/12 )[] [][] \OML/cmm
/m/it/12 dt[] [][] dt[] [] \OMS/cmsy/m/n/12 ^^B [][] \OML/cmm/m/it/12 dt[]V[]\O
T1/cmr/m/n/12 (\OML/cmm/m/it/12 t[]\OT1/cmr/m/n/12 )\OML/cmm/m/it/12 V[]\OT1/cm
r/m/n/12 (\OML/cmm/m/it/12 t[]\OT1/cmr/m/n/12 ) [] \OML/cmm/m/it/12 V[]\OT1/cmr
/m/n/12 (\OML/cmm/m/it/12 t[]\OT1/cmr/m/n/12 ) +
 []


Underfull \hbox (badness 10000) in paragraph at lines 322--335

 []


Underfull \vbox (badness 10000) has occurred while \output is active []

 [7]
Overfull \hbox (12.0pt too wide) in paragraph at lines 337--338
[][] [] 
 []


Underfull \hbox (badness 10000) in paragraph at lines 340--342

 []


Overfull \hbox (12.0pt too wide) in paragraph at lines 344--345
[][] [] 
 []


Overfull \hbox (12.0pt too wide) in paragraph at lines 353--354
[][] [] 
 []


Overfull \hbox (12.0pt too wide) in paragraph at lines 367--368
[][] [] 
 []


Underfull \vbox (badness 10000) has occurred while \output is active []

 [8]
Overfull \hbox (12.0pt too wide) in paragraph at lines 389--390
[][] [] 
 []


Overfull \hbox (35.16953pt too wide) in paragraph at lines 392--426
[]$ $[] [] 
 []


Overfull \hbox (12.54666pt too wide) in paragraph at lines 392--426
\OML/cmm/m/it/12 c[] \OT1/cmr/m/n/12 = (\OMS/cmsy/m/n/12 ^^@[]\OT1/cmr/m/n/12 )
[] [][] [][] [][] \OML/cmm/m/it/12 dt[] [][] dt[]e[]V[]\OT1/cmr/m/n/12 (\OML/cm
m/m/it/12 t[]\OT1/cmr/m/n/12 )\OML/cmm/m/it/12 e[]V[]\OT1/cmr/m/n/12 (\OML/cmm/
m/it/12 t[]\OT1/cmr/m/n/12 )[] 
 []


Underfull \hbox (badness 10000) in paragraph at lines 392--426

 []


Underfull \vbox (badness 10000) has occurred while \output is active []

 [9]
Overfull \hbox (12.0pt too wide) in paragraph at lines 428--429
[][] [] 
 []


Overfull \hbox (1.1805pt too wide) in paragraph at lines 431--453
\OT1/cmr/m/n/12 = [][] \OML/cmm/m/it/12 ^^^\OT1/cmr/m/n/12 (\OML/cmm/m/it/12 x\
OT1/cmr/m/n/12 ) [][] [] = \OMS/cmsy/m/n/12 ^^@\OML/cmm/m/it/12 i^^Y [][] dx^^N
\OT1/cmr/m/n/12 (\OML/cmm/m/it/12 x\OT1/cmr/m/n/12 )\OML/cmm/m/it/12 ^^^\OT1/cm
r/m/n/12 (\OML/cmm/m/it/12 x\OT1/cmr/m/n/12 ) + \OML/cmm/m/it/12 Pr [][] dx[] \
OT1/cmr/m/n/12 =
 []


Underfull \vbox (badness 10000) has occurred while \output is active []

 [10]
<Images/contours.png, id=52, 868.24374pt x 726.715pt>
File: Images/contours.png Graphic file (type png)
<use Images/contours.png>
Package pdftex.def Info: Images/contours.png  used on input line 456.
(pdftex.def)             Requested size: 173.64566pt x 145.34042pt.

Overfull \hbox (12.0pt too wide) in paragraph at lines 462--463
[][] [] 
 []

[11 <./Images/contours.png>]
Overfull \hbox (12.0pt too wide) in paragraph at lines 486--487
[][] [] 
 []


Overfull \hbox (12.0pt too wide) in paragraph at lines 499--500
[][] [] 
 []


Overfull \hbox (12.0pt too wide) in paragraph at lines 514--515
[][] [] 
 []


Overfull \hbox (12.0pt too wide) in paragraph at lines 528--529
[][] [] 
 []


Underfull \hbox (badness 10000) in paragraph at lines 531--538

 []


Underfull \vbox (badness 10000) has occurred while \output is active []

 [12]
Overfull \hbox (12.0pt too wide) in paragraph at lines 540--541
[][] [] 
 []


Underfull \hbox (badness 10000) in paragraph at lines 543--545

 []


Overfull \hbox (12.0pt too wide) in paragraph at lines 547--548
[][] [] 
 []


Underfull \hbox (badness 10000) in paragraph at lines 550--553

 []


Overfull \hbox (12.0pt too wide) in paragraph at lines 555--556
[][] [] 
 []


Underfull \hbox (badness 10000) in paragraph at lines 558--569

 []


Overfull \hbox (12.0pt too wide) in paragraph at lines 571--572
[][] [] 
 []


Overfull \hbox (95.38046pt too wide) in paragraph at lines 576--577
[]$[]$ 
 []


Underfull \hbox (badness 10000) in paragraph at lines 576--577

 []


Underfull \vbox (badness 10000) has occurred while \output is active []

 [13]
Overfull \hbox (60.2881pt too wide) in paragraph at lines 577--592
\OMS/cmsy/m/n/12 j\OML/cmm/m/it/12 ^^^[]^^^[]\OMS/cmsy/m/n/12 i[] \OT1/cmr/m/n/
12 = \OMS/cmsy/m/n/12 j\OML/cmm/m/it/12 ^^^[]\OMS/cmsy/m/n/12 ij\OML/cmm/m/it/1
2 ^^^[]\OMS/cmsy/m/n/12 i \OT1/cmr/m/n/12 = [] []\OML/cmm/m/it/12 ^^^[]\OT1/cmr
/m/n/12 ([])\OMS/cmsy/m/n/12 j[]i [] []\OML/cmm/m/it/12 ^^^[]\OT1/cmr/m/n/12 ([
])\OML/cmm/m/it/12 e[]\OMS/cmsy/m/n/12 j[]i[] 
 []


Underfull \hbox (badness 10000) in paragraph at lines 577--592

 []


Overfull \hbox (12.0pt too wide) in paragraph at lines 594--595
[][] [] 
 []


Overfull \hbox (123.83963pt too wide) in paragraph at lines 597--613
\OT1/cmr/m/n/12 =[]\OMS/cmsy/m/n/12 )  [][][][] [] j[][]i[] \OT1/cmr/m/n/12 = [
][]\OMS/cmsy/m/n/12 h[][] [] j[][]i \OT1/cmr/m/n/12 = [][]\OMS/cmsy/m/n/12 h[][
] [] j\OML/cmm/m/it/12 e[]\OMS/cmsy/m/n/12 j[]\OML/cmm/m/it/12 s[]\OMS/cmsy/m/n
/12 i[] 
 []


Overfull \hbox (15.98161pt too wide) in paragraph at lines 597--613
\OT1/cmr/m/n/12 de-fine $\OMS/cmsy/m/n/12 h[][] [] j\OML/cmm/m/it/12 iT\OMS/cms
y/m/n/12 j[][]i \OT1/cmr/m/n/12 = (2\OML/cmm/m/it/12 ^^Y\OT1/cmr/m/n/12 )[]\OML
/cmm/m/it/12 ^^N[]\OT1/cmr/m/n/12 (\OML/cmm/m/it/12 k[] \OT1/cmr/m/n/12 + \OML/
cmm/m/it/12 k[] \OMS/cmsy/m/n/12 ^^@ [] \OML/cmm/m/it/12 p[]\OT1/cmr/m/n/12 ) \
OMS/cmsy/m/n/12 ^^A \OML/cmm/m/it/12 iM\OT1/cmr/m/n/12 (\OML/cmm/m/it/12 k[]; k
[] \OMS/cmsy/m/n/12 !
 []


Underfull \hbox (badness 10000) in paragraph at lines 597--613

 []


Underfull \vbox (badness 10000) has occurred while \output is active []

 [14]
Overfull \hbox (12.0pt too wide) in paragraph at lines 615--616
[][] [] 
 []


Overfull \hbox (29.08606pt too wide) in paragraph at lines 617--638
[]$[]$
 []


Overfull \hbox (7.10991pt too wide) in paragraph at lines 617--638
\OT1/cmr/m/n/12 (\OML/cmm/m/it/12 out[]\OMS/cmsy/m/n/12 f\OML/cmm/m/it/12 p[]\O
MS/cmsy/m/n/12 gjf[]gi[]\OT1/cmr/m/n/12 )[] = \OMS/cmsy/m/n/12 ^^@\OML/cmm/m/it
/12 i\OMS/cmsy/m/n/12 M[]\OT1/cmr/m/n/12 (\OMS/cmsy/m/n/12 f[]g ! f\OML/cmm/m/i
t/12 p[]\OMS/cmsy/m/n/12 g\OT1/cmr/m/n/12 )(2\OML/cmm/m/it/12 ^^Y\OT1/cmr/m/n/1
2 )[]\OML/cmm/m/it/12 ^^N[]\OT1/cmr/m/n/12 ([] [] \OMS/cmsy/m/n/12 ^^@ [] \OML/
cmm/m/it/12 p[]\OT1/cmr/m/n/12 )[] 
 []


Overfull \hbox (31.36378pt too wide) in paragraph at lines 617--638
\OT1/cmr/m/n/12 =[]\OMS/cmsy/m/n/12 )  \OML/cmm/m/it/12 d^^[ \OT1/cmr/m/n/12 = 
(^^E[][][])(^^E[] [] [][] [] [][])(2\OML/cmm/m/it/12 ^^Y\OT1/cmr/m/n/12 )[]\OML
/cmm/m/it/12 ^^N[]\OT1/cmr/m/n/12 (\OML/cmm/m/it/12 k[] \OMS/cmsy/m/n/12 ^^@
 []


Underfull \hbox (badness 10000) in paragraph at lines 617--638

 []


Overfull \hbox (12.0pt too wide) in paragraph at lines 641--642
[][] [] 
 []


Overfull \hbox (74.47928pt too wide) in paragraph at lines 644--677
[]$[]$ 
 []


Overfull \hbox (27.88097pt too wide) in paragraph at lines 644--677
[] \OML/cmm/m/it/12 d[][]^^^[]\OT1/cmr/m/n/12 ([]) [] \OML/cmm/m/it/12 d[][]^^^
[]\OT1/cmr/m/n/12 ([])\OML/cmm/m/it/12 ^^N[]\OT1/cmr/m/n/12 ([][] [] \OMS/cmsy/
m/n/12 ^^@ [] \OML/cmm/m/it/12 p[]\OT1/cmr/m/n/12 )\OML/cmm/m/it/12 ^^N[]\OT1/c
mr/m/n/12 (\OML/cmm/m/it/12 k[] \OMS/cmsy/m/n/12 ^^@ []\OT1/cmr/m/n/12 )\OML/cm
m/m/it/12 ^^N[]\OT1/cmr/m/n/12 ([][] \OML/cmm/m/it/12 k[] \OMS/cmsy/m/n/12 ^^@
 []


Underfull \hbox (badness 10000) in paragraph at lines 644--677

 []


Underfull \hbox (badness 10000) in paragraph at lines 644--677

 []


Overfull \hbox (5.55836pt too wide) in paragraph at lines 644--677
\OML/cmm/m/it/12 d^^[ \OT1/cmr/m/n/12 = (^^E[][][])(^^E[] [] [][] [] [][])(2\OM
L/cmm/m/it/12 ^^Y\OT1/cmr/m/n/12 )[]\OML/cmm/m/it/12 ^^N[]\OT1/cmr/m/n/12 (\OML
/cmm/m/it/12 k[] \OMS/cmsy/m/n/12 ^^@
 []


Underfull \hbox (badness 10000) in paragraph at lines 644--677

 []


Underfull \vbox (badness 10000) has occurred while \output is active []

 [15]
Underfull \vbox (badness 10000) has occurred while \output is active []

 [16]
Overfull \hbox (12.0pt too wide) in paragraph at lines 678--679
[][] [] 
 []


Underfull \hbox (badness 10000) in paragraph at lines 681--692

 []


Overfull \hbox (12.0pt too wide) in paragraph at lines 694--695
[][] [] 
 []


Underfull \hbox (badness 10000) in paragraph at lines 697--726

 []


Underfull \vbox (badness 10000) has occurred while \output is active []

 [17]
Overfull \hbox (12.0pt too wide) in paragraph at lines 727--728
[][] [] 
 []


Overfull \hbox (12.0pt too wide) in paragraph at lines 738--739
[][] [] 
 []


Overfull \hbox (1.76538pt too wide) in paragraph at lines 741--751
[]$[]$ 
 []


Overfull \hbox (3.7356pt too wide) in paragraph at lines 741--751
\OT1/cmr/m/n/12 = [] + [] \OMS/cmsy/m/n/12 ^^@ [] \OML/cmm/m/it/12 E[][] 
 []


Underfull \hbox (badness 10000) in paragraph at lines 753--756

 []


Overfull \hbox (12.0pt too wide) in paragraph at lines 758--759
[][] [] 
 []


Underfull \vbox (badness 10000) has occurred while \output is active []

 [18]
Overfull \hbox (12.0pt too wide) in paragraph at lines 768--769
[][] [] 
 []


Underfull \hbox (badness 10000) in paragraph at lines 771--778

 []


Overfull \hbox (12.0pt too wide) in paragraph at lines 780--781
[][] [] 
 []


Underfull \hbox (badness 10000) in paragraph at lines 783--790

 []


Overfull \hbox (12.0pt too wide) in paragraph at lines 792--793
[][] [] 
 []


Overfull \hbox (12.0pt too wide) in paragraph at lines 798--799
[][] [] 
 []


Underfull \hbox (badness 10000) in paragraph at lines 801--804

 []


Overfull \hbox (12.0pt too wide) in paragraph at lines 806--807
[][] [] 
 []


Overfull \hbox (80.56099pt too wide) in paragraph at lines 809--810
[]$\OML/cmm/m/it/12 A \OT1/cmr/m/n/12 = \OMS/cmsy/m/n/12 h\OML/cmm/m/it/12 q\OM
S/cmsy/m/n/12 j[]j\OML/cmm/m/it/12 p\OMS/cmsy/m/n/12 i \OT1/cmr/m/n/12 = (2\OML
/cmm/m/it/12 ^^Y\OT1/cmr/m/n/12 )[](2\OML/cmm/m/it/12 E[]\OT1/cmr/m/n/12 )[](2\
OML/cmm/m/it/12 E[]\OT1/cmr/m/n/12 )[]\OML/cmm/m/it/12 T\OT1/cmr/m/n/12 [\OMS/c
msy/m/n/12 h\OT1/cmr/m/n/12 0\OMS/cmsy/m/n/12 j[][]j\OT1/cmr/m/n/12 0\OMS/cmsy/
m/n/12 i \OT1/cmr/m/n/12 + ([]) [] \OML/cmm/m/it/12 d[]\OMS/cmsy/m/n/12 h\OT1/c
mr/m/n/12 0\OMS/cmsy/m/n/12 j[][]\OT1/cmr/m/n/12 (\OML/cmm/m/it/12 z\OT1/cmr/m/
n/12 )[][]\OMS/cmsy/m/n/12 j\OT1/cmr/m/n/12 0\OMS/cmsy/m/n/12 i \OT1/cmr/m/n/12
 +
 []


Underfull \hbox (badness 10000) in paragraph at lines 809--810

 []


Overfull \hbox (12.0pt too wide) in paragraph at lines 812--813
[][] [] 
 []


Overfull \hbox (86.91998pt too wide) in paragraph at lines 815--829
\OT1/cmr/m/n/12 =[]\OMS/cmsy/m/n/12 )  \OML/cmm/m/it/12 A[] \OT1/cmr/m/n/12 = \
OMS/cmsy/m/n/12 ^^@[] [] \OML/cmm/m/it/12 d[]z\OT1/cmr/m/n/12 [3\OMS/cmsy/m/n/1
2 h\OT1/cmr/m/n/12 0\OMS/cmsy/m/n/12 j\OML/cmm/m/it/12 a[]a[]\OMS/cmsy/m/n/12 j
\OT1/cmr/m/n/12 0\OMS/cmsy/m/n/12 ih\OT1/cmr/m/n/12 0\OMS/cmsy/m/n/12 j\OML/cmm
/m/it/12 ^^^^^^\OMS/cmsy/m/n/12 j\OT1/cmr/m/n/12 0\OMS/cmsy/m/n/12 ih\OT1/cmr/m
/n/12 0\OMS/cmsy/m/n/12 j\OML/cmm/m/it/12 ^^^^^^\OMS/cmsy/m/n/12 j\OT1/cmr/m/n/
12 0\OMS/cmsy/m/n/12 i \OT1/cmr/m/n/12 + 12\OMS/cmsy/m/n/12 h\OT1/cmr/m/n/12 0\
OMS/cmsy/m/n/12 j\OML/cmm/m/it/12 a[]^^^\OMS/cmsy/m/n/12 j\OT1/cmr/m/n/12 0\OMS
/cmsy/m/n/12 ih\OT1/cmr/m/n/12 0\OMS/cmsy/m/n/12 j\OML/cmm/m/it/12 ^^^^^^\OMS/c
msy/m/n/12 j\OT1/cmr/m/n/12 0\OMS/cmsy/m/n/12 ih\OT1/cmr/m/n/12 0\OMS/cmsy/m/n/
12 j\OML/cmm/m/it/12 ^^^a[]\OMS/cmsy/m/n/12 j\OT1/cmr/m/n/12 0\OMS/cmsy/m/n/12 
i\OT1/cmr/m/n/12 ]$ 
 []


Underfull \vbox (badness 10000) has occurred while \output is active []

 [19]
Overfull \hbox (12.0pt too wide) in paragraph at lines 831--832
[][] [] 
 []


Overfull \hbox (12.0pt too wide) in paragraph at lines 839--840
[][] [] 
 []


Overfull \hbox (108.56259pt too wide) in paragraph at lines 844--845
[]\OT1/cmr/m/n/12 Lets An-a-lyze Feyn-man di-a-grams for $\OML/cmm/m/it/12 A[] 
\OT1/cmr/m/n/12 = \OMS/cmsy/m/n/12 ^^@[] [] \OML/cmm/m/it/12 d[]z\OT1/cmr/m/n/1
2 [3\OMS/cmsy/m/n/12 h\OT1/cmr/m/n/12 0\OMS/cmsy/m/n/12 j\OML/cmm/m/it/12 a[]a[
]\OMS/cmsy/m/n/12 j\OT1/cmr/m/n/12 0\OMS/cmsy/m/n/12 ih\OT1/cmr/m/n/12 0\OMS/cm
sy/m/n/12 j\OML/cmm/m/it/12 ^^^^^^\OMS/cmsy/m/n/12 j\OT1/cmr/m/n/12 0\OMS/cmsy/
m/n/12 ih\OT1/cmr/m/n/12 0\OMS/cmsy/m/n/12 j\OML/cmm/m/it/12 ^^^^^^\OMS/cmsy/m/
n/12 j\OT1/cmr/m/n/12 0\OMS/cmsy/m/n/12 i \OT1/cmr/m/n/12 +
 []

<Images/A1_feyn.png, id=85, 2514.39375pt x 2597.705pt>
File: Images/A1_feyn.png Graphic file (type png)
<use Images/A1_feyn.png>
Package pdftex.def Info: Images/A1_feyn.png  used on input line 848.
(pdftex.def)             Requested size: 251.4541pt x 259.78572pt.

LaTeX Warning: `!h' float specifier changed to `!ht'.


Overfull \hbox (12.0pt too wide) in paragraph at lines 854--855
[][] [] 
 []


Overfull \hbox (93.78502pt too wide) in paragraph at lines 857--867
[]$[]$ 
 []


Underfull \hbox (badness 10000) in paragraph at lines 857--867

 []


Underfull \vbox (badness 10000) has occurred while \output is active []

 [20]
Overfull \hbox (12.0pt too wide) in paragraph at lines 869--870
[][] [] 
 []

[21 <./Images/A1_feyn.png>]
Overfull \hbox (12.0pt too wide) in paragraph at lines 892--893
[][] [] 
 []


Overfull \hbox (12.0pt too wide) in paragraph at lines 898--899
[][] [] 
 []


Overfull \hbox (12.0pt too wide) in paragraph at lines 906--907
[][] [] 
 []


Underfull \hbox (badness 10000) in paragraph at lines 909--916

 []


Overfull \hbox (12.0pt too wide) in paragraph at lines 918--919
[][] [] 
 []


Overfull \hbox (12.0pt too wide) in paragraph at lines 924--925
[][] [] 
 []


Underfull \hbox (badness 10000) in paragraph at lines 927--928

 []


Overfull \hbox (12.0pt too wide) in paragraph at lines 930--931
[][] [] 
 []


Underfull \hbox (badness 10000) in paragraph at lines 933--936

 []


Overfull \hbox (12.0pt too wide) in paragraph at lines 938--939
[][] [] 
 []


Underfull \hbox (badness 10000) in paragraph at lines 941--947

 []


Underfull \vbox (badness 10000) has occurred while \output is active []

 [22]
Underfull \hbox (badness 10000) in paragraph at lines 947--948

 []


Underfull \hbox (badness 10000) in paragraph at lines 950--951

 []


Overfull \hbox (12.0pt too wide) in paragraph at lines 953--954
[][] [] 
 []


Underfull \hbox (badness 10000) in paragraph at lines 956--959

 []


Overfull \hbox (12.0pt too wide) in paragraph at lines 961--962
[][] [] 
 []


Underfull \hbox (badness 10000) in paragraph at lines 964--965

 []


Overfull \hbox (12.0pt too wide) in paragraph at lines 967--968
[][] [] 
 []


Overfull \hbox (12.0pt too wide) in paragraph at lines 981--982
[][] [] 
 []


Underfull \hbox (badness 10000) in paragraph at lines 984--991

 []


Underfull \vbox (badness 10000) has occurred while \output is active []

 [23]
Overfull \hbox (12.0pt too wide) in paragraph at lines 992--993
[][] [] 
 []


Overfull \hbox (7.87616pt too wide) in paragraph at lines 995--1004
\OT1/cmr/m/n/12 =[]\OMS/cmsy/m/n/12 )  h\OML/cmm/m/it/12 q[]\OMS/cmsy/m/n/12 j\
OML/cmm/m/it/12 f\OT1/cmr/m/n/12 (\OML/cmm/m/it/12 p\OT1/cmr/m/n/12 )\OMS/cmsy/
m/n/12 j\OML/cmm/m/it/12 q[]\OMS/cmsy/m/n/12 i \OT1/cmr/m/n/12 = (^^E[] [] \OML
/cmm/m/it/12 dp[]\OT1/cmr/m/n/12 )\OML/cmm/m/it/12 f\OT1/cmr/m/n/12 (\OML/cmm/m
/it/12 p[]\OT1/cmr/m/n/12 ) [](\OML/cmm/m/it/12 ip[]q[]\OT1/cmr/m/n/12 ) [](\OM
S/cmsy/m/n/12 ^^@\OML/cmm/m/it/12 ip[]q[]\OT1/cmr/m/n/12 )[][] 
 []


Overfull \hbox (12.0pt too wide) in paragraph at lines 1006--1007
[][] [] 
 []


Overfull \hbox (14.94699pt too wide) in paragraph at lines 1009--1017
[]$[]$ 
 []


Overfull \hbox (2.76517pt too wide) in paragraph at lines 1009--1017
\U/msa/m/n/12 ) \OMS/cmsy/m/n/12 h\OML/cmm/m/it/12 q[]\OMS/cmsy/m/n/12 j\OML/cm
m/m/it/12 H\OT1/cmr/m/n/12 (\OML/cmm/m/it/12 q; p\OT1/cmr/m/n/12 )\OMS/cmsy/m/n
/12 j\OML/cmm/m/it/12 q[]\OMS/cmsy/m/n/12 i \OT1/cmr/m/n/12 = (^^E[] [] [])\OML
/cmm/m/it/12 H\OT1/cmr/m/n/12 ([]\OML/cmm/m/it/12 ; p[]\OT1/cmr/m/n/12 ) [][\OM
L/cmm/m/it/12 i [][] p[]\OT1/cmr/m/n/12 (\OML/cmm/m/it/12 q[] \OMS/cmsy/m/n/12 
^^@
 []


Underfull \hbox (badness 10000) in paragraph at lines 1009--1017

 []


Overfull \hbox (12.0pt too wide) in paragraph at lines 1019--1020
[][] [] 
 []


Underfull \hbox (badness 10000) in paragraph at lines 1022--1025

 []


Overfull \hbox (12.0pt too wide) in paragraph at lines 1027--1028
[][] [] 
 []


Underfull \hbox (badness 10000) in paragraph at lines 1032--1033

 []


Overfull \hbox (12.0pt too wide) in paragraph at lines 1035--1036
[][] [] 
 []


Overfull \hbox (4.55183pt too wide) in paragraph at lines 1038--1051
[]$[]$ 
 []


Overfull \hbox (9.6593pt too wide) in paragraph at lines 1038--1051
[]$ $\OMS/cmsy/m/n/12 h\OML/cmm/m/it/12 q[]H\OT1/cmr/m/n/12 (\OML/cmm/m/it/12 q
; p\OT1/cmr/m/n/12 )\OMS/cmsy/m/n/12 j\OML/cmm/m/it/12 q[]\OMS/cmsy/m/n/12 i \O
T1/cmr/m/n/12 = (^^E[] [] [])\OML/cmm/m/it/12 H\OT1/cmr/m/n/12 ([]\OML/cmm/m/it
/12 ; p[]\OT1/cmr/m/n/12 ) [](\OML/cmm/m/it/12 i [][]\OT1/cmr/m/n/12 (\OML/cmm/
m/it/12 q[] \OMS/cmsy/m/n/12 ^^@
 []


Overfull \hbox (1.35982pt too wide) in paragraph at lines 1038--1051
\OT1/cmr/m/n/12 = (^^E[] [] \OML/cmm/m/it/12 dq[] [] []\OT1/cmr/m/n/12 ) \OMS/c
msy/m/n/12 ^^B []\OT1/cmr/m/n/12 [\OML/cmm/m/it/12 i [][]\OT1/cmr/m/n/12 ([][] 
\OML/cmm/m/it/12 p[]\OT1/cmr/m/n/12 (\OML/cmm/m/it/12 q[] \OMS/cmsy/m/n/12 ^^@ 
\OML/cmm/m/it/12 q[]\OT1/cmr/m/n/12 ) \OMS/cmsy/m/n/12 ^^@ \OML/cmm/m/it/12 ^^O
H\OT1/cmr/m/n/12 ([]\OML/cmm/m/it/12 ; p[]\OT1/cmr/m/n/12 )][] 
 []


Overfull \hbox (10.55188pt too wide) in paragraph at lines 1038--1051
\U/msa/m/n/12 ) \OML/cmm/m/it/12 U\OT1/cmr/m/n/12 (\OML/cmm/m/it/12 q[]; q[]\OT
1/cmr/m/n/12 ; \OML/cmm/m/it/12 T\OT1/cmr/m/n/12 ) = (^^E[] [] \OMS/cmsy/m/n/12
 D\OML/cmm/m/it/12 q[]\OT1/cmr/m/n/12 (\OML/cmm/m/it/12 t\OT1/cmr/m/n/12 )\OMS/
cmsy/m/n/12 D\OML/cmm/m/it/12 p[]\OT1/cmr/m/n/12 (\OML/cmm/m/it/12 t\OT1/cmr/m/
n/12 )) [][\OML/cmm/m/it/12 i [][] dt\OT1/cmr/m/n/12 ([][] \OML/cmm/m/it/12 p[]
[] \OMS/cmsy/m/n/12 ^^@ \OML/cmm/m/it/12 H\OT1/cmr/m/n/12 (\OML/cmm/m/it/12 q; 
p\OT1/cmr/m/n/12 ))]$ 
 []


Underfull \vbox (badness 10000) has occurred while \output is active []

 [24]
Overfull \hbox (12.0pt too wide) in paragraph at lines 1053--1054
[][] [] 
 []


Overfull \hbox (34.45265pt too wide) in paragraph at lines 1056--1057
[]$[]$ $[] \OMS/cmsy/m/n/12 D\OML/cmm/m/it/12 q\OT1/cmr/m/n/12 (\OML/cmm/m/it/1
2 t\OT1/cmr/m/n/12 )\OMS/cmsy/m/n/12 D\OML/cmm/m/it/12 p\OT1/cmr/m/n/12 (\OML/c
mm/m/it/12 t\OT1/cmr/m/n/12 ) = ^^E[] [] \OMS/cmsy/m/n/12 D\OML/cmm/m/it/12 q[]
\OT1/cmr/m/n/12 (\OML/cmm/m/it/12 t\OT1/cmr/m/n/12 )\OMS/cmsy/m/n/12 D\OML/cmm/
m/it/12 p[]\OT1/cmr/m/n/12 (\OML/cmm/m/it/12 t\OT1/cmr/m/n/12 ) \OMS/cmsy/m/n/1
2 ! [][] \OT1/cmr/m/n/12 ^^E[]^^E[] [] []$ 
 []


Underfull \hbox (badness 10000) in paragraph at lines 1056--1057

 []


Overfull \hbox (12.0pt too wide) in paragraph at lines 1059--1060
[][] [] 
 []


Overfull \hbox (12.79323pt too wide) in paragraph at lines 1062--1078
[]$[]$ 
 []


Overfull \hbox (18.16809pt too wide) in paragraph at lines 1062--1078
\U/msa/m/n/12 ) \OML/cmm/m/it/12 U\OT1/cmr/m/n/12 (\OML/cmm/m/it/12 q[]; q[]\OT
1/cmr/m/n/12 ; \OML/cmm/m/it/12 T\OT1/cmr/m/n/12 ) = ([]^^E[] [] []) [][\OML/cm
m/m/it/12 i [][]\OT1/cmr/m/n/12 ([][] \OMS/cmsy/m/n/12 ^^@ \OML/cmm/m/it/12 ^^O
V\OT1/cmr/m/n/12 ([]))][] 
 []


Underfull \vbox (badness 10000) has occurred while \output is active []

 [25]
Overfull \hbox (12.0pt too wide) in paragraph at lines 1080--1081
[][] [] 
 []


Underfull \hbox (badness 10000) in paragraph at lines 1083--1093

 []


Overfull \hbox (12.0pt too wide) in paragraph at lines 1095--1096
[][] [] 
 []


Underfull \hbox (badness 10000) in paragraph at lines 1097--1102

 []


Overfull \hbox (12.0pt too wide) in paragraph at lines 1105--1106
[][] [] 
 []


Overfull \hbox (300.0012pt too wide) in paragraph at lines 1108--1152
\OT1/cmr/m/n/12 =[]\OMS/cmsy/m/n/12 )  ^^@[] [] \OML/cmm/m/it/12 d[]x\OT1/cmr/m
/n/12 [\OMS/cmsy/m/n/12 ^^@\OML/cmm/m/it/12 A[]@[]@[]A[] \OT1/cmr/m/n/12 + \OML
/cmm/m/it/12 A[]@[]@[]A[]\OT1/cmr/m/n/12 ] = []\OML/cmm/m/it/12 A[]g[]A[]\OT1/c
mr/m/n/12 ][] 
 []


Overfull \hbox (19.73749pt too wide) in paragraph at lines 1108--1152
\OT1/cmr/m/n/12 =[]\OMS/cmsy/m/n/12 )  \OML/cmm/m/it/12 N\OT1/cmr/m/n/12 (\OML/
cmm/m/it/12 ^^X\OT1/cmr/m/n/12 ) [] \OMS/cmsy/m/n/12 D\OML/cmm/m/it/12 !exp\OT1
/cmr/m/n/12 [\OMS/cmsy/m/n/12 ^^@\OML/cmm/m/it/12 i [] d[]x[]\OT1/cmr/m/n/12 ]\
OML/cmm/m/it/12 det\OT1/cmr/m/n/12 ([])([] \OMS/cmsy/m/n/12 D\OML/cmm/m/it/12 
\OT1/cmr/m/n/12 )([] \OMS/cmsy/m/n/12 D\OML/cmm/m/it/12 Ae[]^^N\OT1/cmr/m/n/12 
(\OML/cmm/m/it/12 @[]A[] \OMS/cmsy/m/n/12 ^^@
 []


Overfull \hbox (114.5208pt too wide) in paragraph at lines 1108--1152
\OT1/cmr/m/n/12 =[]\OMS/cmsy/m/n/12 )  h\OT1/cmr/m/n/12 
\OMS/cmsy/m/n/12 j\OML/cmm/m/it/12 T\OMS/cmsy/m/n/12 O\OT1/cmr/m/n/12 (\OML/cmm
/m/it/12 A\OT1/cmr/m/n/12 )\OMS/cmsy/m/n/12 j\OT1/cmr/m/n/12 
\OMS/cmsy/m/n/12 i \OT1/cmr/m/n/12 = [][] []\OMS/cmsy/m/n/12 D\OML/cmm/m/it/12 
A []\OT1/cmr/m/n/12 [\OML/cmm/m/it/12 i [][] d[]x\OT1/cmr/m/n/12 [\OMS/cmsy/m/n
/12 L ^^@
 []


Underfull \vbox (badness 10000) has occurred while \output is active []

 [26]
[27]
Package atveryend Info: Empty hook `BeforeClearDocument' on input line 1156.
Package atveryend Info: Empty hook `AfterLastShipout' on input line 1156.
 (./QFT_notes.aux)
Package atveryend Info: Executing hook `AtVeryEndDocument' on input line 1156.
Package atveryend Info: Empty hook `AtEndAfterFileList' on input line 1156.


LaTeX Warning: There were multiply-defined labels.

Package atveryend Info: Empty hook `AtVeryVeryEnd' on input line 1156.
 ) 
Here is how much of TeX's memory you used:
 14528 strings out of 492616
 287728 string characters out of 6129482
 351040 words of memory out of 5000000
 17974 multiletter control sequences out of 15000+600000
 11880 words of font info for 49 fonts, out of 8000000 for 9000
 1302 hyphenation exceptions out of 8191
 62i,13n,60p,547b,670s stack positions out of 5000i,500n,10000p,200000b,80000s
</usr/local/texlive/2019/texmf-dist/fonts/type1/public/amsfonts/cm/cmcsc10.pf
b></usr/local/texlive/2019/texmf-dist/fonts/type1/public/amsfonts/cm/cmex10.pfb
></usr/local/texlive/2019/texmf-dist/fonts/type1/public/amsfonts/cmextra/cmex8.
pfb></usr/local/texlive/2019/texmf-dist/fonts/type1/public/amsfonts/cm/cmmi12.p
fb></usr/local/texlive/2019/texmf-dist/fonts/type1/public/amsfonts/cm/cmmi6.pfb
></usr/local/texlive/2019/texmf-dist/fonts/type1/public/amsfonts/cm/cmmi8.pfb><
/usr/local/texlive/2019/texmf-dist/fonts/type1/public/amsfonts/cm/cmr12.pfb></u
sr/local/texlive/2019/texmf-dist/fonts/type1/public/amsfonts/cm/cmr6.pfb></usr/
local/texlive/2019/texmf-dist/fonts/type1/public/amsfonts/cm/cmr8.pfb></usr/loc
al/texlive/2019/texmf-dist/fonts/type1/public/amsfonts/cm/cmr9.pfb></usr/local/
texlive/2019/texmf-dist/fonts/type1/public/amsfonts/cm/cmsy10.pfb></usr/local/t
exlive/2019/texmf-dist/fonts/type1/public/amsfonts/cm/cmsy6.pfb></usr/local/tex
live/2019/texmf-dist/fonts/type1/public/amsfonts/cm/cmsy8.pfb></usr/local/texli
ve/2019/texmf-dist/fonts/type1/public/amsfonts/symbols/msam10.pfb></usr/local/t
exlive/2019/texmf-dist/fonts/type1/public/amsfonts/symbols/msbm10.pfb></usr/loc
al/texlive/2019/texmf-dist/fonts/type1/public/amsfonts/symbols/msbm7.pfb>
Output written on QFT_notes.pdf (27 pages, 6858541 bytes).
PDF statistics:
 164 PDF objects out of 1000 (max. 8388607)
 113 compressed objects within 2 object streams
 0 named destinations out of 1000 (max. 500000)
 23 words of extra memory for PDF output out of 10000 (max. 10000000)

